<?xml version="1.0" encoding="UTF-8"?>
<!-- Generated by org.testng.reporters.JUnitReportReporter -->
<testsuite skipped="0" hostname="LAPTOP-7FLUI04S" name="com.qa.test.LoginPageTest" tests="1" failures="0" timestamp="31 Aug 2020 18:10:09 GMT" time="25.006" errors="0">
  <testcase name="validateLoginTest" time="25.006" classname="com.qa.test.LoginPageTest"/>
</testsuite> <!-- com.qa.test.LoginPageTest -->
