<?xml version="1.0" encoding="UTF-8"?>
<!-- Generated by org.testng.reporters.JUnitReportReporter -->
<testsuite skipped="0" hostname="LAPTOP-7FLUI04S" name="com.qa.test.LoginPageTest" tests="1" failures="0" timestamp="31 Aug 2020 17:22:07 GMT" time="18.959" errors="0">
  <testcase name="validateLoginTest" time="18.959" classname="com.qa.test.LoginPageTest"/>
</testsuite> <!-- com.qa.test.LoginPageTest -->
